{"/Users/hlampert/repos/bookSite/src/AllTheProviders.tsx": {"path":"/Users/hlampert/repos/bookSite/src/AllTheProviders.tsx","statementMap":{"0":{"start":{"line":4,"column":24},"end":{"line":18,"column":1}},"1":{"start":{"line":5,"column":2},"end":{"line":17,"column":3}}},"fnMap":{"0":{"name":"(anonymous_0)","decl":{"start":{"line":4,"column":24},"end":{"line":4,"column":25}},"loc":{"start":{"line":4,"column":73},"end":{"line":18,"column":1}},"line":4},"1":{"name":"(anonymous_1)","decl":{"start":{"line":8,"column":20},"end":{"line":8,"column":21}},"loc":{"start":{"line":8,"column":26},"end":{"line":8,"column":28}},"line":8},"2":{"name":"(anonymous_2)","decl":{"start":{"line":9,"column":23},"end":{"line":9,"column":24}},"loc":{"start":{"line":9,"column":29},"end":{"line":9,"column":31}},"line":9}},"branchMap":{},"s":{"0":1,"1":5},"f":{"0":5,"1":0,"2":0},"b":{},"_coverageSchema":"1a1c01bbd47fc00a2c39e90264f33305004495a9","hash":"4123ff17764eb3151b5f725aad9e03fb6ef6ac4a"}
,"/Users/hlampert/repos/bookSite/src/pages/components/NavBar.tsx": {"path":"/Users/hlampert/repos/bookSite/src/pages/components/NavBar.tsx","statementMap":{"0":{"start":{"line":5,"column":24},"end":{"line":13,"column":1}},"1":{"start":{"line":15,"column":24},"end":{"line":17,"column":1}},"2":{"start":{"line":19,"column":21},"end":{"line":32,"column":1}},"3":{"start":{"line":34,"column":23},"end":{"line":40,"column":1}},"4":{"start":{"line":42,"column":25},"end":{"line":42,"column":37}},"5":{"start":{"line":44,"column":15},"end":{"line":101,"column":1}},"6":{"start":{"line":45,"column":19},"end":{"line":45,"column":32}},"7":{"start":{"line":47,"column":2},"end":{"line":100,"column":3}}},"fnMap":{"0":{"name":"(anonymous_0)","decl":{"start":{"line":44,"column":15},"end":{"line":44,"column":16}},"loc":{"start":{"line":44,"column":21},"end":{"line":101,"column":1}},"line":44}},"branchMap":{"0":{"loc":{"start":{"line":50,"column":9},"end":{"line":58,"column":9}},"type":"cond-expr","locations":[{"start":{"line":51,"column":10},"end":{"line":53,"column":25}},{"start":{"line":55,"column":10},"end":{"line":57,"column":27}}],"line":50},"1":{"loc":{"start":{"line":59,"column":9},"end":{"line":75,"column":9}},"type":"cond-expr","locations":[{"start":{"line":60,"column":10},"end":{"line":66,"column":25}},{"start":{"line":68,"column":10},"end":{"line":74,"column":27}}],"line":59},"2":{"loc":{"start":{"line":76,"column":9},"end":{"line":92,"column":9}},"type":"cond-expr","locations":[{"start":{"line":77,"column":10},"end":{"line":83,"column":25}},{"start":{"line":85,"column":10},"end":{"line":91,"column":27}}],"line":76}},"s":{"0":1,"1":1,"2":1,"3":1,"4":1,"5":1,"6":5,"7":5},"f":{"0":5},"b":{"0":[5,0],"1":[0,5],"2":[0,5]},"_coverageSchema":"1a1c01bbd47fc00a2c39e90264f33305004495a9","hash":"41fb31e601702e2751190f4d133b0575de9fd642"}
}
